<?xml version="1.0" encoding="UTF-8"?>
<!-- Generated by org.testng.reporters.JUnitReportReporter -->
<testsuite hostname="INBLRLPDGL6FG3" failures="0" tests="2" name="com.testrunner.ApplicationRunner" time="64.070" errors="0" timestamp="2025-01-15T19:13:10 IST" skipped="0">
  <testcase classname="com.testrunner.ApplicationRunner" name="runScenario" time="12.731"/>
  <testcase classname="com.testrunner.ApplicationRunner" name="runScenario" time="51.339"/>
</testsuite> <!-- com.testrunner.ApplicationRunner -->
