<?xml version="1.0" encoding="UTF-8"?>
<!-- Generated by org.testng.reporters.JUnitReportReporter -->
<testsuite hostname="INBLRLPDGL6FG3" failures="0" tests="2" name="com.testrunner.ParallelTestRunner" time="40.636" errors="0" timestamp="2025-01-15T19:13:10 IST" skipped="0">
  <testcase classname="com.testrunner.ParallelTestRunner" name="runScenario" time="23.280"/>
  <testcase classname="com.testrunner.ParallelTestRunner" name="runScenario" time="17.356"/>
</testsuite> <!-- com.testrunner.ParallelTestRunner -->
