<?xml version="1.0" encoding="UTF-8"?>
<!-- Generated by org.testng.reporters.JUnitReportReporter -->
<testsuite hostname="INBLRLPDGL6FG3" failures="0" tests="4" name="com.testrunner.ApplicationRunner" time="106.802" errors="0" timestamp="2024-12-29T17:07:37 IST" skipped="0">
  <testcase classname="com.testrunner.ApplicationRunner" name="runScenario" time="16.150"/>
  <testcase classname="com.testrunner.ApplicationRunner" name="runScenario" time="36.949"/>
  <testcase classname="com.testrunner.ApplicationRunner" name="runScenario" time="33.443"/>
  <testcase classname="com.testrunner.ApplicationRunner" name="runScenario" time="20.260"/>
</testsuite> <!-- com.testrunner.ApplicationRunner -->
