<?xml version="1.0" encoding="UTF-8"?>
<!-- Generated by org.testng.reporters.JUnitReportReporter -->
<testsuite hostname="INBLRLPDGL6FG3" failures="0" tests="4" name="com.testrunner.ApplicationRunner" time="316.753" errors="0" timestamp="2025-01-03T17:34:46 IST" skipped="0">
  <testcase classname="com.testrunner.ApplicationRunner" name="runScenario" time="121.063"/>
  <testcase classname="com.testrunner.ApplicationRunner" name="runScenario" time="72.936"/>
  <testcase classname="com.testrunner.ApplicationRunner" name="runScenario" time="61.240"/>
  <testcase classname="com.testrunner.ApplicationRunner" name="runScenario" time="61.514"/>
</testsuite> <!-- com.testrunner.ApplicationRunner -->
