<?xml version="1.0" encoding="UTF-8"?>
<!-- Generated by org.testng.reporters.JUnitReportReporter -->
<testsuite hostname="INBLRLPDGL6FG3" failures="0" tests="4" name="com.testrunner.ApplicationRunner" time="89.886" errors="0" timestamp="2024-12-29T18:29:07 IST" skipped="0">
  <testcase classname="com.testrunner.ApplicationRunner" name="runScenario" time="38.388"/>
  <testcase classname="com.testrunner.ApplicationRunner" name="runScenario" time="9.569"/>
  <testcase classname="com.testrunner.ApplicationRunner" name="runScenario" time="33.846"/>
  <testcase classname="com.testrunner.ApplicationRunner" name="runScenario" time="8.083"/>
</testsuite> <!-- com.testrunner.ApplicationRunner -->
